
*** Running vivado
    with args -log nexys_alu.vds -m64 -product Vivado -mode batch -messageDb vivado.pb -notrace -source nexys_alu.tcl


****** Vivado v2019.2 (64-bit)
  **** SW Build 2708876 on Wed Nov  6 21:40:23 MST 2019
  **** IP Build 2700528 on Thu Nov  7 00:09:20 MST 2019
    ** Copyright 1986-2019 Xilinx, Inc. All Rights Reserved.

source nexys_alu.tcl -notrace
Command: synth_design -top nexys_alu -part xc7a100tcsg324-1
Starting synth_design
Attempting to get a license for feature 'Synthesis' and/or device 'xc7a100t'
INFO: [Common 17-349] Got license for feature 'Synthesis' and/or device 'xc7a100t'
INFO: [Device 21-403] Loading part xc7a100tcsg324-1
INFO: Launching helper process for spawning children vivado processes
INFO: Helper process launched with PID 4292 
---------------------------------------------------------------------------------
Starting RTL Elaboration : Time (s): cpu = 00:00:05 ; elapsed = 00:00:05 . Memory (MB): peak = 819.047 ; gain = 238.020
---------------------------------------------------------------------------------
INFO: [Synth 8-6157] synthesizing module 'nexys_alu' [C:/Users/8224201/Downloads/nexys_alu.sv:11]
	Parameter COUNTER_WIDTH bound to: 32'sb00000000000000000000000000001010 
	Parameter MINUS bound to: 7'b1111110 
	Parameter BLANK bound to: 7'b1111111 
INFO: [Synth 8-6157] synthesizing module 'alu_riscv' [C:/Users/8224201/Desktop/Lab1/Lab_1/Lab_1.srcs/sources_1/new/alu_riscv.sv:1]
INFO: [Synth 8-6157] synthesizing module 'fulladder32' [C:/Users/8224201/Desktop/Lab1/Lab_1/Lab_1.srcs/sources_1/new/fulladder32.sv:1]
INFO: [Synth 8-6157] synthesizing module 'fulladder' [C:/Users/8224201/Desktop/Lab1/Lab_1/Lab_1.srcs/sources_1/new/fulladder.sv:1]
INFO: [Synth 8-6155] done synthesizing module 'fulladder' (1#1) [C:/Users/8224201/Desktop/Lab1/Lab_1/Lab_1.srcs/sources_1/new/fulladder.sv:1]
INFO: [Synth 8-6155] done synthesizing module 'fulladder32' (2#1) [C:/Users/8224201/Desktop/Lab1/Lab_1/Lab_1.srcs/sources_1/new/fulladder32.sv:1]
INFO: [Synth 8-6155] done synthesizing module 'alu_riscv' (3#1) [C:/Users/8224201/Desktop/Lab1/Lab_1/Lab_1.srcs/sources_1/new/alu_riscv.sv:1]
INFO: [Synth 8-6157] synthesizing module 'bin2bcd' [C:/Users/8224201/Downloads/nexys_alu.sv:159]
	Parameter IN_WIDTH bound to: 32'sb00000000000000000000000000100000 
	Parameter OUT_WIDTH_DIGITS bound to: 32'sb00000000000000000000000000010000 
	Parameter OUT_WIDTH bound to: 32'sb00000000000000000000000001000000 
INFO: [Synth 8-6155] done synthesizing module 'bin2bcd' (4#1) [C:/Users/8224201/Downloads/nexys_alu.sv:159]
INFO: [Synth 8-6157] synthesizing module 'bin2bcd__parameterized0' [C:/Users/8224201/Downloads/nexys_alu.sv:159]
	Parameter IN_WIDTH bound to: 32'sb00000000000000000000000000000101 
	Parameter OUT_WIDTH_DIGITS bound to: 32'sb00000000000000000000000000000011 
	Parameter OUT_WIDTH bound to: 32'sb00000000000000000000000000001100 
INFO: [Synth 8-6155] done synthesizing module 'bin2bcd__parameterized0' (4#1) [C:/Users/8224201/Downloads/nexys_alu.sv:159]
INFO: [Synth 8-294] found qualifier unique on case statement: implementing as parallel_case [C:/Users/8224201/Downloads/nexys_alu.sv:137]
INFO: [Synth 8-294] found qualifier unique on case statement: implementing as parallel_case [C:/Users/8224201/Downloads/nexys_alu.sv:77]
INFO: [Synth 8-294] found qualifier unique on case statement: implementing as parallel_case [C:/Users/8224201/Downloads/nexys_alu.sv:77]
INFO: [Synth 8-294] found qualifier unique on case statement: implementing as parallel_case [C:/Users/8224201/Downloads/nexys_alu.sv:77]
INFO: [Synth 8-294] found qualifier unique on case statement: implementing as parallel_case [C:/Users/8224201/Downloads/nexys_alu.sv:77]
INFO: [Synth 8-294] found qualifier unique on case statement: implementing as parallel_case [C:/Users/8224201/Downloads/nexys_alu.sv:77]
INFO: [Synth 8-294] found qualifier unique on case statement: implementing as parallel_case [C:/Users/8224201/Downloads/nexys_alu.sv:77]
INFO: [Synth 8-294] found qualifier unique on case statement: implementing as parallel_case [C:/Users/8224201/Downloads/nexys_alu.sv:77]
INFO: [Synth 8-6155] done synthesizing module 'nexys_alu' (5#1) [C:/Users/8224201/Downloads/nexys_alu.sv:11]
---------------------------------------------------------------------------------
Finished RTL Elaboration : Time (s): cpu = 00:00:13 ; elapsed = 00:00:13 . Memory (MB): peak = 900.492 ; gain = 319.465
---------------------------------------------------------------------------------

Report Check Netlist: 
+------+------------------+-------+---------+-------+------------------+
|      |Item              |Errors |Warnings |Status |Description       |
+------+------------------+-------+---------+-------+------------------+
|1     |multi_driven_nets |      0|        0|Passed |Multi driven nets |
+------+------------------+-------+---------+-------+------------------+
---------------------------------------------------------------------------------
Start Handling Custom Attributes
---------------------------------------------------------------------------------
---------------------------------------------------------------------------------
Finished Handling Custom Attributes : Time (s): cpu = 00:00:13 ; elapsed = 00:00:14 . Memory (MB): peak = 918.359 ; gain = 337.332
---------------------------------------------------------------------------------
---------------------------------------------------------------------------------
Finished RTL Optimization Phase 1 : Time (s): cpu = 00:00:13 ; elapsed = 00:00:14 . Memory (MB): peak = 918.359 ; gain = 337.332
---------------------------------------------------------------------------------
Netlist sorting complete. Time (s): cpu = 00:00:00 ; elapsed = 00:00:00.045 . Memory (MB): peak = 918.359 ; gain = 0.000
INFO: [Project 1-570] Preparing netlist for logic optimization

Processing XDC Constraints
Initializing timing engine
Parsing XDC File [C:/Users/8224201/Desktop/Lab1/Lab_1/Lab_1.srcs/constrs_1/new/fulladder32.xdc]
WARNING: [Vivado 12-584] No ports matched 'CLK100'. [C:/Users/8224201/Desktop/Lab1/Lab_1/Lab_1.srcs/constrs_1/new/fulladder32.xdc:7]
CRITICAL WARNING: [Common 17-55] 'set_property' expects at least one object. [C:/Users/8224201/Desktop/Lab1/Lab_1/Lab_1.srcs/constrs_1/new/fulladder32.xdc:7]
Resolution: If [get_<value>] was used to populate the object, check to make sure this command returns at least one valid object.
WARNING: [Vivado 12-584] No ports matched 'CLK100'. [C:/Users/8224201/Desktop/Lab1/Lab_1/Lab_1.srcs/constrs_1/new/fulladder32.xdc:8]
CRITICAL WARNING: [Vivado 12-4739] create_clock:No valid object(s) found for '-objects [get_ports CLK100]'. [C:/Users/8224201/Desktop/Lab1/Lab_1/Lab_1.srcs/constrs_1/new/fulladder32.xdc:8]
Resolution: Check if the specified object(s) exists in the current design. If it does, ensure that the correct design hierarchy was specified for the object. If you are working with clocks, make sure create_clock was used to create the clock object before it is referenced.
WARNING: [Vivado 12-584] No ports matched 'SW[0]'. [C:/Users/8224201/Desktop/Lab1/Lab_1/Lab_1.srcs/constrs_1/new/fulladder32.xdc:12]
CRITICAL WARNING: [Common 17-55] 'set_property' expects at least one object. [C:/Users/8224201/Desktop/Lab1/Lab_1/Lab_1.srcs/constrs_1/new/fulladder32.xdc:12]
Resolution: If [get_<value>] was used to populate the object, check to make sure this command returns at least one valid object.
WARNING: [Vivado 12-584] No ports matched 'SW[1]'. [C:/Users/8224201/Desktop/Lab1/Lab_1/Lab_1.srcs/constrs_1/new/fulladder32.xdc:13]
CRITICAL WARNING: [Common 17-55] 'set_property' expects at least one object. [C:/Users/8224201/Desktop/Lab1/Lab_1/Lab_1.srcs/constrs_1/new/fulladder32.xdc:13]
Resolution: If [get_<value>] was used to populate the object, check to make sure this command returns at least one valid object.
WARNING: [Vivado 12-584] No ports matched 'SW[2]'. [C:/Users/8224201/Desktop/Lab1/Lab_1/Lab_1.srcs/constrs_1/new/fulladder32.xdc:14]
CRITICAL WARNING: [Common 17-55] 'set_property' expects at least one object. [C:/Users/8224201/Desktop/Lab1/Lab_1/Lab_1.srcs/constrs_1/new/fulladder32.xdc:14]
Resolution: If [get_<value>] was used to populate the object, check to make sure this command returns at least one valid object.
WARNING: [Vivado 12-584] No ports matched 'SW[3]'. [C:/Users/8224201/Desktop/Lab1/Lab_1/Lab_1.srcs/constrs_1/new/fulladder32.xdc:15]
CRITICAL WARNING: [Common 17-55] 'set_property' expects at least one object. [C:/Users/8224201/Desktop/Lab1/Lab_1/Lab_1.srcs/constrs_1/new/fulladder32.xdc:15]
Resolution: If [get_<value>] was used to populate the object, check to make sure this command returns at least one valid object.
WARNING: [Vivado 12-584] No ports matched 'SW[4]'. [C:/Users/8224201/Desktop/Lab1/Lab_1/Lab_1.srcs/constrs_1/new/fulladder32.xdc:16]
CRITICAL WARNING: [Common 17-55] 'set_property' expects at least one object. [C:/Users/8224201/Desktop/Lab1/Lab_1/Lab_1.srcs/constrs_1/new/fulladder32.xdc:16]
Resolution: If [get_<value>] was used to populate the object, check to make sure this command returns at least one valid object.
WARNING: [Vivado 12-584] No ports matched 'SW[5]'. [C:/Users/8224201/Desktop/Lab1/Lab_1/Lab_1.srcs/constrs_1/new/fulladder32.xdc:17]
CRITICAL WARNING: [Common 17-55] 'set_property' expects at least one object. [C:/Users/8224201/Desktop/Lab1/Lab_1/Lab_1.srcs/constrs_1/new/fulladder32.xdc:17]
Resolution: If [get_<value>] was used to populate the object, check to make sure this command returns at least one valid object.
WARNING: [Vivado 12-584] No ports matched 'SW[6]'. [C:/Users/8224201/Desktop/Lab1/Lab_1/Lab_1.srcs/constrs_1/new/fulladder32.xdc:18]
CRITICAL WARNING: [Common 17-55] 'set_property' expects at least one object. [C:/Users/8224201/Desktop/Lab1/Lab_1/Lab_1.srcs/constrs_1/new/fulladder32.xdc:18]
Resolution: If [get_<value>] was used to populate the object, check to make sure this command returns at least one valid object.
WARNING: [Vivado 12-584] No ports matched 'SW[7]'. [C:/Users/8224201/Desktop/Lab1/Lab_1/Lab_1.srcs/constrs_1/new/fulladder32.xdc:19]
CRITICAL WARNING: [Common 17-55] 'set_property' expects at least one object. [C:/Users/8224201/Desktop/Lab1/Lab_1/Lab_1.srcs/constrs_1/new/fulladder32.xdc:19]
Resolution: If [get_<value>] was used to populate the object, check to make sure this command returns at least one valid object.
WARNING: [Vivado 12-584] No ports matched 'SW[8]'. [C:/Users/8224201/Desktop/Lab1/Lab_1/Lab_1.srcs/constrs_1/new/fulladder32.xdc:20]
CRITICAL WARNING: [Common 17-55] 'set_property' expects at least one object. [C:/Users/8224201/Desktop/Lab1/Lab_1/Lab_1.srcs/constrs_1/new/fulladder32.xdc:20]
Resolution: If [get_<value>] was used to populate the object, check to make sure this command returns at least one valid object.
WARNING: [Vivado 12-584] No ports matched 'SW[9]'. [C:/Users/8224201/Desktop/Lab1/Lab_1/Lab_1.srcs/constrs_1/new/fulladder32.xdc:21]
CRITICAL WARNING: [Common 17-55] 'set_property' expects at least one object. [C:/Users/8224201/Desktop/Lab1/Lab_1/Lab_1.srcs/constrs_1/new/fulladder32.xdc:21]
Resolution: If [get_<value>] was used to populate the object, check to make sure this command returns at least one valid object.
WARNING: [Vivado 12-584] No ports matched 'SW[10]'. [C:/Users/8224201/Desktop/Lab1/Lab_1/Lab_1.srcs/constrs_1/new/fulladder32.xdc:22]
CRITICAL WARNING: [Common 17-55] 'set_property' expects at least one object. [C:/Users/8224201/Desktop/Lab1/Lab_1/Lab_1.srcs/constrs_1/new/fulladder32.xdc:22]
Resolution: If [get_<value>] was used to populate the object, check to make sure this command returns at least one valid object.
WARNING: [Vivado 12-584] No ports matched 'SW[11]'. [C:/Users/8224201/Desktop/Lab1/Lab_1/Lab_1.srcs/constrs_1/new/fulladder32.xdc:23]
CRITICAL WARNING: [Common 17-55] 'set_property' expects at least one object. [C:/Users/8224201/Desktop/Lab1/Lab_1/Lab_1.srcs/constrs_1/new/fulladder32.xdc:23]
Resolution: If [get_<value>] was used to populate the object, check to make sure this command returns at least one valid object.
WARNING: [Vivado 12-584] No ports matched 'SW[12]'. [C:/Users/8224201/Desktop/Lab1/Lab_1/Lab_1.srcs/constrs_1/new/fulladder32.xdc:24]
CRITICAL WARNING: [Common 17-55] 'set_property' expects at least one object. [C:/Users/8224201/Desktop/Lab1/Lab_1/Lab_1.srcs/constrs_1/new/fulladder32.xdc:24]
Resolution: If [get_<value>] was used to populate the object, check to make sure this command returns at least one valid object.
WARNING: [Vivado 12-584] No ports matched 'SW[13]'. [C:/Users/8224201/Desktop/Lab1/Lab_1/Lab_1.srcs/constrs_1/new/fulladder32.xdc:25]
CRITICAL WARNING: [Common 17-55] 'set_property' expects at least one object. [C:/Users/8224201/Desktop/Lab1/Lab_1/Lab_1.srcs/constrs_1/new/fulladder32.xdc:25]
Resolution: If [get_<value>] was used to populate the object, check to make sure this command returns at least one valid object.
WARNING: [Vivado 12-584] No ports matched 'SW[14]'. [C:/Users/8224201/Desktop/Lab1/Lab_1/Lab_1.srcs/constrs_1/new/fulladder32.xdc:26]
CRITICAL WARNING: [Common 17-55] 'set_property' expects at least one object. [C:/Users/8224201/Desktop/Lab1/Lab_1/Lab_1.srcs/constrs_1/new/fulladder32.xdc:26]
Resolution: If [get_<value>] was used to populate the object, check to make sure this command returns at least one valid object.
WARNING: [Vivado 12-584] No ports matched 'SW[15]'. [C:/Users/8224201/Desktop/Lab1/Lab_1/Lab_1.srcs/constrs_1/new/fulladder32.xdc:27]
CRITICAL WARNING: [Common 17-55] 'set_property' expects at least one object. [C:/Users/8224201/Desktop/Lab1/Lab_1/Lab_1.srcs/constrs_1/new/fulladder32.xdc:27]
Resolution: If [get_<value>] was used to populate the object, check to make sure this command returns at least one valid object.
WARNING: [Vivado 12-584] No ports matched 'LED[0]'. [C:/Users/8224201/Desktop/Lab1/Lab_1/Lab_1.srcs/constrs_1/new/fulladder32.xdc:30]
CRITICAL WARNING: [Common 17-55] 'set_property' expects at least one object. [C:/Users/8224201/Desktop/Lab1/Lab_1/Lab_1.srcs/constrs_1/new/fulladder32.xdc:30]
Resolution: If [get_<value>] was used to populate the object, check to make sure this command returns at least one valid object.
WARNING: [Vivado 12-584] No ports matched 'LED[1]'. [C:/Users/8224201/Desktop/Lab1/Lab_1/Lab_1.srcs/constrs_1/new/fulladder32.xdc:31]
CRITICAL WARNING: [Common 17-55] 'set_property' expects at least one object. [C:/Users/8224201/Desktop/Lab1/Lab_1/Lab_1.srcs/constrs_1/new/fulladder32.xdc:31]
Resolution: If [get_<value>] was used to populate the object, check to make sure this command returns at least one valid object.
WARNING: [Vivado 12-584] No ports matched 'LED[2]'. [C:/Users/8224201/Desktop/Lab1/Lab_1/Lab_1.srcs/constrs_1/new/fulladder32.xdc:32]
CRITICAL WARNING: [Common 17-55] 'set_property' expects at least one object. [C:/Users/8224201/Desktop/Lab1/Lab_1/Lab_1.srcs/constrs_1/new/fulladder32.xdc:32]
Resolution: If [get_<value>] was used to populate the object, check to make sure this command returns at least one valid object.
WARNING: [Vivado 12-584] No ports matched 'LED[3]'. [C:/Users/8224201/Desktop/Lab1/Lab_1/Lab_1.srcs/constrs_1/new/fulladder32.xdc:33]
CRITICAL WARNING: [Common 17-55] 'set_property' expects at least one object. [C:/Users/8224201/Desktop/Lab1/Lab_1/Lab_1.srcs/constrs_1/new/fulladder32.xdc:33]
Resolution: If [get_<value>] was used to populate the object, check to make sure this command returns at least one valid object.
WARNING: [Vivado 12-584] No ports matched 'LED[4]'. [C:/Users/8224201/Desktop/Lab1/Lab_1/Lab_1.srcs/constrs_1/new/fulladder32.xdc:34]
CRITICAL WARNING: [Common 17-55] 'set_property' expects at least one object. [C:/Users/8224201/Desktop/Lab1/Lab_1/Lab_1.srcs/constrs_1/new/fulladder32.xdc:34]
Resolution: If [get_<value>] was used to populate the object, check to make sure this command returns at least one valid object.
WARNING: [Vivado 12-584] No ports matched 'LED[5]'. [C:/Users/8224201/Desktop/Lab1/Lab_1/Lab_1.srcs/constrs_1/new/fulladder32.xdc:35]
CRITICAL WARNING: [Common 17-55] 'set_property' expects at least one object. [C:/Users/8224201/Desktop/Lab1/Lab_1/Lab_1.srcs/constrs_1/new/fulladder32.xdc:35]
Resolution: If [get_<value>] was used to populate the object, check to make sure this command returns at least one valid object.
WARNING: [Vivado 12-584] No ports matched 'LED[6]'. [C:/Users/8224201/Desktop/Lab1/Lab_1/Lab_1.srcs/constrs_1/new/fulladder32.xdc:36]
CRITICAL WARNING: [Common 17-55] 'set_property' expects at least one object. [C:/Users/8224201/Desktop/Lab1/Lab_1/Lab_1.srcs/constrs_1/new/fulladder32.xdc:36]
Resolution: If [get_<value>] was used to populate the object, check to make sure this command returns at least one valid object.
WARNING: [Vivado 12-584] No ports matched 'LED[7]'. [C:/Users/8224201/Desktop/Lab1/Lab_1/Lab_1.srcs/constrs_1/new/fulladder32.xdc:37]
CRITICAL WARNING: [Common 17-55] 'set_property' expects at least one object. [C:/Users/8224201/Desktop/Lab1/Lab_1/Lab_1.srcs/constrs_1/new/fulladder32.xdc:37]
Resolution: If [get_<value>] was used to populate the object, check to make sure this command returns at least one valid object.
WARNING: [Vivado 12-584] No ports matched 'LED[8]'. [C:/Users/8224201/Desktop/Lab1/Lab_1/Lab_1.srcs/constrs_1/new/fulladder32.xdc:38]
CRITICAL WARNING: [Common 17-55] 'set_property' expects at least one object. [C:/Users/8224201/Desktop/Lab1/Lab_1/Lab_1.srcs/constrs_1/new/fulladder32.xdc:38]
Resolution: If [get_<value>] was used to populate the object, check to make sure this command returns at least one valid object.
WARNING: [Vivado 12-584] No ports matched 'LED[9]'. [C:/Users/8224201/Desktop/Lab1/Lab_1/Lab_1.srcs/constrs_1/new/fulladder32.xdc:39]
CRITICAL WARNING: [Common 17-55] 'set_property' expects at least one object. [C:/Users/8224201/Desktop/Lab1/Lab_1/Lab_1.srcs/constrs_1/new/fulladder32.xdc:39]
Resolution: If [get_<value>] was used to populate the object, check to make sure this command returns at least one valid object.
WARNING: [Vivado 12-584] No ports matched 'LED[10]'. [C:/Users/8224201/Desktop/Lab1/Lab_1/Lab_1.srcs/constrs_1/new/fulladder32.xdc:40]
CRITICAL WARNING: [Common 17-55] 'set_property' expects at least one object. [C:/Users/8224201/Desktop/Lab1/Lab_1/Lab_1.srcs/constrs_1/new/fulladder32.xdc:40]
Resolution: If [get_<value>] was used to populate the object, check to make sure this command returns at least one valid object.
WARNING: [Vivado 12-584] No ports matched 'LED[11]'. [C:/Users/8224201/Desktop/Lab1/Lab_1/Lab_1.srcs/constrs_1/new/fulladder32.xdc:41]
CRITICAL WARNING: [Common 17-55] 'set_property' expects at least one object. [C:/Users/8224201/Desktop/Lab1/Lab_1/Lab_1.srcs/constrs_1/new/fulladder32.xdc:41]
Resolution: If [get_<value>] was used to populate the object, check to make sure this command returns at least one valid object.
WARNING: [Vivado 12-584] No ports matched 'LED[12]'. [C:/Users/8224201/Desktop/Lab1/Lab_1/Lab_1.srcs/constrs_1/new/fulladder32.xdc:42]
CRITICAL WARNING: [Common 17-55] 'set_property' expects at least one object. [C:/Users/8224201/Desktop/Lab1/Lab_1/Lab_1.srcs/constrs_1/new/fulladder32.xdc:42]
Resolution: If [get_<value>] was used to populate the object, check to make sure this command returns at least one valid object.
WARNING: [Vivado 12-584] No ports matched 'LED[13]'. [C:/Users/8224201/Desktop/Lab1/Lab_1/Lab_1.srcs/constrs_1/new/fulladder32.xdc:43]
CRITICAL WARNING: [Common 17-55] 'set_property' expects at least one object. [C:/Users/8224201/Desktop/Lab1/Lab_1/Lab_1.srcs/constrs_1/new/fulladder32.xdc:43]
Resolution: If [get_<value>] was used to populate the object, check to make sure this command returns at least one valid object.
WARNING: [Vivado 12-584] No ports matched 'LED[14]'. [C:/Users/8224201/Desktop/Lab1/Lab_1/Lab_1.srcs/constrs_1/new/fulladder32.xdc:44]
CRITICAL WARNING: [Common 17-55] 'set_property' expects at least one object. [C:/Users/8224201/Desktop/Lab1/Lab_1/Lab_1.srcs/constrs_1/new/fulladder32.xdc:44]
Resolution: If [get_<value>] was used to populate the object, check to make sure this command returns at least one valid object.
WARNING: [Vivado 12-584] No ports matched 'LED[15]'. [C:/Users/8224201/Desktop/Lab1/Lab_1/Lab_1.srcs/constrs_1/new/fulladder32.xdc:45]
CRITICAL WARNING: [Common 17-55] 'set_property' expects at least one object. [C:/Users/8224201/Desktop/Lab1/Lab_1/Lab_1.srcs/constrs_1/new/fulladder32.xdc:45]
Resolution: If [get_<value>] was used to populate the object, check to make sure this command returns at least one valid object.
WARNING: [Vivado 12-584] No ports matched 'CA'. [C:/Users/8224201/Desktop/Lab1/Lab_1/Lab_1.srcs/constrs_1/new/fulladder32.xdc:56]
CRITICAL WARNING: [Common 17-55] 'set_property' expects at least one object. [C:/Users/8224201/Desktop/Lab1/Lab_1/Lab_1.srcs/constrs_1/new/fulladder32.xdc:56]
Resolution: If [get_<value>] was used to populate the object, check to make sure this command returns at least one valid object.
WARNING: [Vivado 12-584] No ports matched 'CB'. [C:/Users/8224201/Desktop/Lab1/Lab_1/Lab_1.srcs/constrs_1/new/fulladder32.xdc:57]
CRITICAL WARNING: [Common 17-55] 'set_property' expects at least one object. [C:/Users/8224201/Desktop/Lab1/Lab_1/Lab_1.srcs/constrs_1/new/fulladder32.xdc:57]
Resolution: If [get_<value>] was used to populate the object, check to make sure this command returns at least one valid object.
WARNING: [Vivado 12-584] No ports matched 'CC'. [C:/Users/8224201/Desktop/Lab1/Lab_1/Lab_1.srcs/constrs_1/new/fulladder32.xdc:58]
CRITICAL WARNING: [Common 17-55] 'set_property' expects at least one object. [C:/Users/8224201/Desktop/Lab1/Lab_1/Lab_1.srcs/constrs_1/new/fulladder32.xdc:58]
Resolution: If [get_<value>] was used to populate the object, check to make sure this command returns at least one valid object.
WARNING: [Vivado 12-584] No ports matched 'CD'. [C:/Users/8224201/Desktop/Lab1/Lab_1/Lab_1.srcs/constrs_1/new/fulladder32.xdc:59]
CRITICAL WARNING: [Common 17-55] 'set_property' expects at least one object. [C:/Users/8224201/Desktop/Lab1/Lab_1/Lab_1.srcs/constrs_1/new/fulladder32.xdc:59]
Resolution: If [get_<value>] was used to populate the object, check to make sure this command returns at least one valid object.
WARNING: [Vivado 12-584] No ports matched 'CE'. [C:/Users/8224201/Desktop/Lab1/Lab_1/Lab_1.srcs/constrs_1/new/fulladder32.xdc:60]
CRITICAL WARNING: [Common 17-55] 'set_property' expects at least one object. [C:/Users/8224201/Desktop/Lab1/Lab_1/Lab_1.srcs/constrs_1/new/fulladder32.xdc:60]
Resolution: If [get_<value>] was used to populate the object, check to make sure this command returns at least one valid object.
WARNING: [Vivado 12-584] No ports matched 'CF'. [C:/Users/8224201/Desktop/Lab1/Lab_1/Lab_1.srcs/constrs_1/new/fulladder32.xdc:61]
CRITICAL WARNING: [Common 17-55] 'set_property' expects at least one object. [C:/Users/8224201/Desktop/Lab1/Lab_1/Lab_1.srcs/constrs_1/new/fulladder32.xdc:61]
Resolution: If [get_<value>] was used to populate the object, check to make sure this command returns at least one valid object.
WARNING: [Vivado 12-584] No ports matched 'CG'. [C:/Users/8224201/Desktop/Lab1/Lab_1/Lab_1.srcs/constrs_1/new/fulladder32.xdc:62]
CRITICAL WARNING: [Common 17-55] 'set_property' expects at least one object. [C:/Users/8224201/Desktop/Lab1/Lab_1/Lab_1.srcs/constrs_1/new/fulladder32.xdc:62]
Resolution: If [get_<value>] was used to populate the object, check to make sure this command returns at least one valid object.
WARNING: [Vivado 12-584] No ports matched 'DP'. [C:/Users/8224201/Desktop/Lab1/Lab_1/Lab_1.srcs/constrs_1/new/fulladder32.xdc:63]
CRITICAL WARNING: [Common 17-55] 'set_property' expects at least one object. [C:/Users/8224201/Desktop/Lab1/Lab_1/Lab_1.srcs/constrs_1/new/fulladder32.xdc:63]
Resolution: If [get_<value>] was used to populate the object, check to make sure this command returns at least one valid object.
WARNING: [Vivado 12-584] No ports matched 'AN[0]'. [C:/Users/8224201/Desktop/Lab1/Lab_1/Lab_1.srcs/constrs_1/new/fulladder32.xdc:64]
CRITICAL WARNING: [Common 17-55] 'set_property' expects at least one object. [C:/Users/8224201/Desktop/Lab1/Lab_1/Lab_1.srcs/constrs_1/new/fulladder32.xdc:64]
Resolution: If [get_<value>] was used to populate the object, check to make sure this command returns at least one valid object.
WARNING: [Vivado 12-584] No ports matched 'AN[1]'. [C:/Users/8224201/Desktop/Lab1/Lab_1/Lab_1.srcs/constrs_1/new/fulladder32.xdc:65]
CRITICAL WARNING: [Common 17-55] 'set_property' expects at least one object. [C:/Users/8224201/Desktop/Lab1/Lab_1/Lab_1.srcs/constrs_1/new/fulladder32.xdc:65]
Resolution: If [get_<value>] was used to populate the object, check to make sure this command returns at least one valid object.
WARNING: [Vivado 12-584] No ports matched 'AN[2]'. [C:/Users/8224201/Desktop/Lab1/Lab_1/Lab_1.srcs/constrs_1/new/fulladder32.xdc:66]
CRITICAL WARNING: [Common 17-55] 'set_property' expects at least one object. [C:/Users/8224201/Desktop/Lab1/Lab_1/Lab_1.srcs/constrs_1/new/fulladder32.xdc:66]
Resolution: If [get_<value>] was used to populate the object, check to make sure this command returns at least one valid object.
WARNING: [Vivado 12-584] No ports matched 'AN[3]'. [C:/Users/8224201/Desktop/Lab1/Lab_1/Lab_1.srcs/constrs_1/new/fulladder32.xdc:67]
CRITICAL WARNING: [Common 17-55] 'set_property' expects at least one object. [C:/Users/8224201/Desktop/Lab1/Lab_1/Lab_1.srcs/constrs_1/new/fulladder32.xdc:67]
Resolution: If [get_<value>] was used to populate the object, check to make sure this command returns at least one valid object.
WARNING: [Vivado 12-584] No ports matched 'AN[4]'. [C:/Users/8224201/Desktop/Lab1/Lab_1/Lab_1.srcs/constrs_1/new/fulladder32.xdc:68]
CRITICAL WARNING: [Common 17-55] 'set_property' expects at least one object. [C:/Users/8224201/Desktop/Lab1/Lab_1/Lab_1.srcs/constrs_1/new/fulladder32.xdc:68]
Resolution: If [get_<value>] was used to populate the object, check to make sure this command returns at least one valid object.
WARNING: [Vivado 12-584] No ports matched 'AN[5]'. [C:/Users/8224201/Desktop/Lab1/Lab_1/Lab_1.srcs/constrs_1/new/fulladder32.xdc:69]
CRITICAL WARNING: [Common 17-55] 'set_property' expects at least one object. [C:/Users/8224201/Desktop/Lab1/Lab_1/Lab_1.srcs/constrs_1/new/fulladder32.xdc:69]
Resolution: If [get_<value>] was used to populate the object, check to make sure this command returns at least one valid object.
WARNING: [Vivado 12-584] No ports matched 'AN[6]'. [C:/Users/8224201/Desktop/Lab1/Lab_1/Lab_1.srcs/constrs_1/new/fulladder32.xdc:70]
CRITICAL WARNING: [Common 17-55] 'set_property' expects at least one object. [C:/Users/8224201/Desktop/Lab1/Lab_1/Lab_1.srcs/constrs_1/new/fulladder32.xdc:70]
Resolution: If [get_<value>] was used to populate the object, check to make sure this command returns at least one valid object.
WARNING: [Vivado 12-584] No ports matched 'AN[7]'. [C:/Users/8224201/Desktop/Lab1/Lab_1/Lab_1.srcs/constrs_1/new/fulladder32.xdc:71]
CRITICAL WARNING: [Common 17-55] 'set_property' expects at least one object. [C:/Users/8224201/Desktop/Lab1/Lab_1/Lab_1.srcs/constrs_1/new/fulladder32.xdc:71]
Resolution: If [get_<value>] was used to populate the object, check to make sure this command returns at least one valid object.
WARNING: [Vivado 12-584] No ports matched 'resetn'. [C:/Users/8224201/Desktop/Lab1/Lab_1/Lab_1.srcs/constrs_1/new/fulladder32.xdc:74]
CRITICAL WARNING: [Common 17-55] 'set_property' expects at least one object. [C:/Users/8224201/Desktop/Lab1/Lab_1/Lab_1.srcs/constrs_1/new/fulladder32.xdc:74]
Resolution: If [get_<value>] was used to populate the object, check to make sure this command returns at least one valid object.
WARNING: [Vivado 12-584] No ports matched 'BTND'. [C:/Users/8224201/Desktop/Lab1/Lab_1/Lab_1.srcs/constrs_1/new/fulladder32.xdc:79]
CRITICAL WARNING: [Common 17-55] 'set_property' expects at least one object. [C:/Users/8224201/Desktop/Lab1/Lab_1/Lab_1.srcs/constrs_1/new/fulladder32.xdc:79]
Resolution: If [get_<value>] was used to populate the object, check to make sure this command returns at least one valid object.
Finished Parsing XDC File [C:/Users/8224201/Desktop/Lab1/Lab_1/Lab_1.srcs/constrs_1/new/fulladder32.xdc]
Parsing XDC File [C:/Users/8224201/Downloads/nexys_a7_100t.xdc]
Finished Parsing XDC File [C:/Users/8224201/Downloads/nexys_a7_100t.xdc]
INFO: [Project 1-236] Implementation specific constraints were found while reading constraint file [C:/Users/8224201/Downloads/nexys_a7_100t.xdc]. These constraints will be ignored for synthesis but will be used in implementation. Impacted constraints are listed in the file [.Xil/nexys_alu_propImpl.xdc].
Resolution: To avoid this warning, move constraints listed in [.Xil/nexys_alu_propImpl.xdc] to another XDC file and exclude this new file from synthesis with the used_in_synthesis property (File Properties dialog in GUI) and re-run elaboration/synthesis.
Completed Processing XDC Constraints

Netlist sorting complete. Time (s): cpu = 00:00:00 ; elapsed = 00:00:00.001 . Memory (MB): peak = 1035.859 ; gain = 0.000
INFO: [Project 1-111] Unisim Transformation Summary:
No Unisim elements were transformed.

Constraint Validation Runtime : Time (s): cpu = 00:00:00 ; elapsed = 00:00:00.009 . Memory (MB): peak = 1035.859 ; gain = 0.000
---------------------------------------------------------------------------------
Finished Constraint Validation : Time (s): cpu = 00:00:20 ; elapsed = 00:00:20 . Memory (MB): peak = 1035.859 ; gain = 454.832
---------------------------------------------------------------------------------
---------------------------------------------------------------------------------
Start Loading Part and Timing Information
---------------------------------------------------------------------------------
Loading part: xc7a100tcsg324-1
---------------------------------------------------------------------------------
Finished Loading Part and Timing Information : Time (s): cpu = 00:00:20 ; elapsed = 00:00:20 . Memory (MB): peak = 1035.859 ; gain = 454.832
---------------------------------------------------------------------------------
---------------------------------------------------------------------------------
Start Applying 'set_property' XDC Constraints
---------------------------------------------------------------------------------
---------------------------------------------------------------------------------
Finished applying 'set_property' XDC Constraints : Time (s): cpu = 00:00:20 ; elapsed = 00:00:20 . Memory (MB): peak = 1035.859 ; gain = 454.832
---------------------------------------------------------------------------------
---------------------------------------------------------------------------------
Finished RTL Optimization Phase 2 : Time (s): cpu = 00:00:28 ; elapsed = 00:00:29 . Memory (MB): peak = 1035.859 ; gain = 454.832
---------------------------------------------------------------------------------

Report RTL Partitions: 
+-+--------------+------------+----------+
| |RTL Partition |Replication |Instances |
+-+--------------+------------+----------+
+-+--------------+------------+----------+
---------------------------------------------------------------------------------
Start RTL Component Statistics 
---------------------------------------------------------------------------------
Detailed RTL Component Info : 
+---Adders : 
	   3 Input     32 Bit       Adders := 1     
	   2 Input     32 Bit       Adders := 1     
	   2 Input     10 Bit       Adders := 1     
	   2 Input      5 Bit       Adders := 2     
	   2 Input      4 Bit       Adders := 183   
	   2 Input      3 Bit       Adders := 3     
+---XORs : 
	   2 Input     32 Bit         XORs := 1     
	   3 Input      1 Bit         XORs := 32    
+---Registers : 
	               10 Bit    Registers := 1     
	                8 Bit    Registers := 1     
+---Muxes : 
	   2 Input     32 Bit        Muxes := 2     
	   2 Input     27 Bit        Muxes := 2     
	   2 Input      7 Bit        Muxes := 5     
	  16 Input      7 Bit        Muxes := 2     
	   2 Input      5 Bit        Muxes := 2     
	   2 Input      4 Bit        Muxes := 159   
	   2 Input      1 Bit        Muxes := 1     
---------------------------------------------------------------------------------
Finished RTL Component Statistics 
---------------------------------------------------------------------------------
---------------------------------------------------------------------------------
Start RTL Hierarchical Component Statistics 
---------------------------------------------------------------------------------
Hierarchical RTL Component report 
Module nexys_alu 
Detailed RTL Component Info : 
+---Adders : 
	   2 Input     32 Bit       Adders := 1     
	   2 Input     10 Bit       Adders := 1     
	   2 Input      5 Bit       Adders := 2     
+---Registers : 
	               10 Bit    Registers := 1     
	                8 Bit    Registers := 1     
+---Muxes : 
	   2 Input     32 Bit        Muxes := 1     
	   2 Input     27 Bit        Muxes := 2     
	   2 Input      7 Bit        Muxes := 5     
	  16 Input      7 Bit        Muxes := 2     
	   2 Input      5 Bit        Muxes := 2     
Module fulladder 
Detailed RTL Component Info : 
+---XORs : 
	   3 Input      1 Bit         XORs := 1     
Module alu_riscv 
Detailed RTL Component Info : 
+---Adders : 
	   3 Input     32 Bit       Adders := 1     
+---XORs : 
	   2 Input     32 Bit         XORs := 1     
+---Muxes : 
	   2 Input     32 Bit        Muxes := 1     
	   2 Input      1 Bit        Muxes := 1     
Module bin2bcd 
Detailed RTL Component Info : 
+---Adders : 
	   2 Input      4 Bit       Adders := 175   
	   2 Input      3 Bit       Adders := 1     
+---Muxes : 
	   2 Input      4 Bit        Muxes := 155   
Module bin2bcd__parameterized0 
Detailed RTL Component Info : 
+---Adders : 
	   2 Input      4 Bit       Adders := 4     
	   2 Input      3 Bit       Adders := 1     
+---Muxes : 
	   2 Input      4 Bit        Muxes := 2     
---------------------------------------------------------------------------------
Finished RTL Hierarchical Component Statistics
---------------------------------------------------------------------------------
---------------------------------------------------------------------------------
Start Part Resource Summary
---------------------------------------------------------------------------------
Part Resources:
DSPs: 240 (col length:80)
BRAMs: 270 (col length: RAMB18 80 RAMB36 40)
---------------------------------------------------------------------------------
Finished Part Resource Summary
---------------------------------------------------------------------------------
---------------------------------------------------------------------------------
Start Cross Boundary and Area Optimization
---------------------------------------------------------------------------------
Warning: Parallel synthesis criteria is not met 
INFO: [Synth 8-5544] ROM "p_0_out" won't be mapped to Block RAM because address size (4) smaller than threshold (5)
INFO: [Synth 8-5544] ROM "p_0_out" won't be mapped to Block RAM because address size (4) smaller than threshold (5)
---------------------------------------------------------------------------------
Finished Cross Boundary and Area Optimization : Time (s): cpu = 00:00:48 ; elapsed = 00:00:49 . Memory (MB): peak = 1035.859 ; gain = 454.832
---------------------------------------------------------------------------------

Report RTL Partitions: 
+-+--------------+------------+----------+
| |RTL Partition |Replication |Instances |
+-+--------------+------------+----------+
+-+--------------+------------+----------+
---------------------------------------------------------------------------------
Start Applying XDC Timing Constraints
---------------------------------------------------------------------------------
---------------------------------------------------------------------------------
Finished Applying XDC Timing Constraints : Time (s): cpu = 00:00:55 ; elapsed = 00:00:55 . Memory (MB): peak = 1035.859 ; gain = 454.832
---------------------------------------------------------------------------------
---------------------------------------------------------------------------------
Start Timing Optimization
---------------------------------------------------------------------------------
---------------------------------------------------------------------------------
Finished Timing Optimization : Time (s): cpu = 00:00:55 ; elapsed = 00:00:56 . Memory (MB): peak = 1035.859 ; gain = 454.832
---------------------------------------------------------------------------------

Report RTL Partitions: 
+-+--------------+------------+----------+
| |RTL Partition |Replication |Instances |
+-+--------------+------------+----------+
+-+--------------+------------+----------+
---------------------------------------------------------------------------------
Start Technology Mapping
---------------------------------------------------------------------------------
---------------------------------------------------------------------------------
Finished Technology Mapping : Time (s): cpu = 00:00:56 ; elapsed = 00:00:57 . Memory (MB): peak = 1087.289 ; gain = 506.262
---------------------------------------------------------------------------------

Report RTL Partitions: 
+-+--------------+------------+----------+
| |RTL Partition |Replication |Instances |
+-+--------------+------------+----------+
+-+--------------+------------+----------+
---------------------------------------------------------------------------------
Start IO Insertion
---------------------------------------------------------------------------------
---------------------------------------------------------------------------------
Start Flattening Before IO Insertion
---------------------------------------------------------------------------------
---------------------------------------------------------------------------------
Finished Flattening Before IO Insertion
---------------------------------------------------------------------------------
---------------------------------------------------------------------------------
Start Final Netlist Cleanup
---------------------------------------------------------------------------------
---------------------------------------------------------------------------------
Finished Final Netlist Cleanup
---------------------------------------------------------------------------------
---------------------------------------------------------------------------------
Finished IO Insertion : Time (s): cpu = 00:01:00 ; elapsed = 00:01:01 . Memory (MB): peak = 1103.078 ; gain = 522.051
---------------------------------------------------------------------------------
---------------------------------------------------------------------------------
Start Renaming Generated Instances
---------------------------------------------------------------------------------
---------------------------------------------------------------------------------
Finished Renaming Generated Instances : Time (s): cpu = 00:01:00 ; elapsed = 00:01:01 . Memory (MB): peak = 1103.078 ; gain = 522.051
---------------------------------------------------------------------------------

Report RTL Partitions: 
+-+--------------+------------+----------+
| |RTL Partition |Replication |Instances |
+-+--------------+------------+----------+
+-+--------------+------------+----------+

Report Check Netlist: 
+------+------------------+-------+---------+-------+------------------+
|      |Item              |Errors |Warnings |Status |Description       |
+------+------------------+-------+---------+-------+------------------+
|1     |multi_driven_nets |      0|        0|Passed |Multi driven nets |
+------+------------------+-------+---------+-------+------------------+
---------------------------------------------------------------------------------
Start Rebuilding User Hierarchy
---------------------------------------------------------------------------------
---------------------------------------------------------------------------------
Finished Rebuilding User Hierarchy : Time (s): cpu = 00:01:00 ; elapsed = 00:01:01 . Memory (MB): peak = 1103.078 ; gain = 522.051
---------------------------------------------------------------------------------
---------------------------------------------------------------------------------
Start Renaming Generated Ports
---------------------------------------------------------------------------------
---------------------------------------------------------------------------------
Finished Renaming Generated Ports : Time (s): cpu = 00:01:00 ; elapsed = 00:01:01 . Memory (MB): peak = 1103.078 ; gain = 522.051
---------------------------------------------------------------------------------
---------------------------------------------------------------------------------
Start Handling Custom Attributes
---------------------------------------------------------------------------------
---------------------------------------------------------------------------------
Finished Handling Custom Attributes : Time (s): cpu = 00:01:00 ; elapsed = 00:01:01 . Memory (MB): peak = 1103.078 ; gain = 522.051
---------------------------------------------------------------------------------
---------------------------------------------------------------------------------
Start Renaming Generated Nets
---------------------------------------------------------------------------------
---------------------------------------------------------------------------------
Finished Renaming Generated Nets : Time (s): cpu = 00:01:00 ; elapsed = 00:01:01 . Memory (MB): peak = 1103.078 ; gain = 522.051
---------------------------------------------------------------------------------
---------------------------------------------------------------------------------
Start Writing Synthesis Report
---------------------------------------------------------------------------------

Report BlackBoxes: 
+-+--------------+----------+
| |BlackBox name |Instances |
+-+--------------+----------+
+-+--------------+----------+

Report Cell Usage: 
+------+-------+------+
|      |Cell   |Count |
+------+-------+------+
|1     |BUFG   |     1|
|2     |CARRY4 |    34|
|3     |LUT1   |    34|
|4     |LUT2   |    50|
|5     |LUT3   |   150|
|6     |LUT4   |    64|
|7     |LUT5   |    60|
|8     |LUT6   |   425|
|9     |MUXF7  |    27|
|10    |FDCE   |    11|
|11    |FDPE   |     7|
|12    |IBUF   |    18|
|13    |OBUF   |    32|
+------+-------+------+

Report Instance Areas: 
+------+---------+-------+------+
|      |Instance |Module |Cells |
+------+---------+-------+------+
|1     |top      |       |   913|
+------+---------+-------+------+
---------------------------------------------------------------------------------
Finished Writing Synthesis Report : Time (s): cpu = 00:01:00 ; elapsed = 00:01:01 . Memory (MB): peak = 1103.078 ; gain = 522.051
---------------------------------------------------------------------------------
Synthesis finished with 0 errors, 0 critical warnings and 0 warnings.
Synthesis Optimization Runtime : Time (s): cpu = 00:00:44 ; elapsed = 00:00:58 . Memory (MB): peak = 1103.078 ; gain = 404.551
Synthesis Optimization Complete : Time (s): cpu = 00:01:00 ; elapsed = 00:01:01 . Memory (MB): peak = 1103.078 ; gain = 522.051
INFO: [Project 1-571] Translating synthesized netlist
Netlist sorting complete. Time (s): cpu = 00:00:00 ; elapsed = 00:00:00.012 . Memory (MB): peak = 1115.133 ; gain = 0.000
INFO: [Netlist 29-17] Analyzing 61 Unisim elements for replacement
INFO: [Netlist 29-28] Unisim Transformation completed in 0 CPU seconds
INFO: [Project 1-570] Preparing netlist for logic optimization
INFO: [Opt 31-138] Pushed 0 inverter(s) to 0 load pin(s).
Netlist sorting complete. Time (s): cpu = 00:00:00 ; elapsed = 00:00:00 . Memory (MB): peak = 1115.133 ; gain = 0.000
INFO: [Project 1-111] Unisim Transformation Summary:
No Unisim elements were transformed.

INFO: [Common 17-83] Releasing license: Synthesis
34 Infos, 52 Warnings, 52 Critical Warnings and 0 Errors encountered.
synth_design completed successfully
synth_design: Time (s): cpu = 00:01:05 ; elapsed = 00:01:06 . Memory (MB): peak = 1115.133 ; gain = 812.484
Netlist sorting complete. Time (s): cpu = 00:00:00 ; elapsed = 00:00:00 . Memory (MB): peak = 1115.133 ; gain = 0.000
WARNING: [Constraints 18-5210] No constraints selected for write.
Resolution: This message can indicate that there are no constraints for the design, or it can indicate that the used_in flags are set such that the constraints are ignored. This later case is used when running synth_design to not write synthesis constraints to the resulting checkpoint. Instead, project constraints are read when the synthesized design is opened.
INFO: [Common 17-1381] The checkpoint 'C:/Users/8224201/Desktop/Lab1/Lab_1/Lab_1.runs/synth_1/nexys_alu.dcp' has been generated.
INFO: [runtcl-4] Executing : report_utilization -file nexys_alu_utilization_synth.rpt -pb nexys_alu_utilization_synth.pb
INFO: [Common 17-206] Exiting Vivado at Tue Feb 27 14:35:14 2024...
