#-----------------------------------------------------------
# Vivado v2019.2 (64-bit)
# SW Build 2708876 on Wed Nov  6 21:40:23 MST 2019
# IP Build 2700528 on Thu Nov  7 00:09:20 MST 2019
# Start of session at: Tue Mar 12 12:54:38 2024
# Process ID: 6596
# Current directory: C:/Users/8224201/Desktop/Lab3_MPSIS/Lab3
# Command line: vivado.exe -gui_launcher_event rodinguilauncherevent8032 C:\Users\8224201\Desktop\Lab3_MPSIS\Lab3\Lab3.xpr
# Log file: C:/Users/8224201/Desktop/Lab3_MPSIS/Lab3/vivado.log
# Journal file: C:/Users/8224201/Desktop/Lab3_MPSIS/Lab3\vivado.jou
#-----------------------------------------------------------
start_gui
open_project C:/Users/8224201/Desktop/Lab3_MPSIS/Lab3/Lab3.xpr
INFO: [Project 1-313] Project file moved from '/home/pin_33_6/Desktop/Lab3' since last save.
CRITICAL WARNING: [Project 1-311] Could not find the file 'C:/Users/8224201/Desktop/Lab3_MPSIS/program.mem', nor could it be found using path 'C:/home/pin_33_6/Desktop/program.mem'.
CRITICAL WARNING: [Project 1-311] Could not find the file 'C:/Users/8224201/Desktop/Lab3_MPSIS/nexys_rf_riscv.sv', nor could it be found using path 'C:/home/pin_33_6/Desktop/nexys_rf_riscv.sv'.
CRITICAL WARNING: [Project 1-311] Could not find the file 'C:/Users/8224201/Desktop/Lab3_MPSIS/nexys_a7_100t.xdc', nor could it be found using path 'C:/home/pin_33_6/Desktop/nexys_a7_100t.xdc'.
CRITICAL WARNING: [Project 1-311] Could not find the file 'C:/Users/8224201/Desktop/Lab3_MPSIS/tb_rf_riscv.sv', nor could it be found using path 'C:/home/pin_33_6/Desktop/tb_rf_riscv.sv'.
CRITICAL WARNING: [Project 1-311] Could not find the file 'C:/Users/8224201/Desktop/Lab3_MPSIS/tb_data_mem.sv', nor could it be found using path 'C:/home/pin_33_6/Desktop/tb_data_mem.sv'.
CRITICAL WARNING: [Project 1-311] Could not find the file 'C:/Users/8224201/Desktop/Lab3_MPSIS/tb_instr_mem.sv', nor could it be found using path 'C:/home/pin_33_6/Desktop/tb_instr_mem.sv'.
Scanning sources...
Finished scanning sources
INFO: [IP_Flow 19-234] Refreshing IP repositories
INFO: [IP_Flow 19-1704] No user IP repositories specified
INFO: [IP_Flow 19-2313] Loaded Vivado IP repository 'C:/Xilinx/Vivado/2019.2/data/ip'.
update_compile_order -fileset sources_1
exit
INFO: [Common 17-206] Exiting Vivado at Tue Mar 12 12:57:26 2024...
