Vivado Simulator 2019.2
Copyright 1986-1999, 2001-2019 Xilinx, Inc. All Rights Reserved.
Running: C:/Xilinx/Vivado/2019.2/bin/unwrapped/win64.o/xelab.exe -wto ec13aa9933f84ffd8b050f6435b3510d --incr --debug typical --relax --mt 2 -L xil_defaultlib -L unisims_ver -L unimacro_ver -L secureip --snapshot tb_CYBERcobra_behav xil_defaultlib.tb_CYBERcobra xil_defaultlib.glbl -log elaborate.log 
Using 2 slave threads.
Starting static elaboration
Pass Through NonSizing Optimizer
WARNING: [VRFC 10-3091] actual bit length 32 differs from formal bit length 1 for port 'carry_i' [C:/Users/8224201/Desktop/Lab1/Lab_1/Lab_1.srcs/sources_1/new/cybercobra.sv:31]
WARNING: [VRFC 10-3091] actual bit length 32 differs from formal bit length 1 for port 'carry_i' [C:/Users/8224201/Desktop/Lab1/Lab_1/Lab_1.srcs/sources_1/new/alu_riscv.sv:15]
Completed static elaboration
Starting simulation data flow analysis
WARNING: [XSIM 43-4100] "C:/Users/8224201/Desktop/Lab1/Lab_1/Lab_1.sim/sim_1/behav/xsim/glbl.v" Line 6. Module glbl has a timescale but at least one module in design doesn't have timescale.
Completed simulation data flow analysis
Time Resolution for simulation is 1ps
Compiling package xil_defaultlib.alu_opcodes_pkg
Compiling module xil_defaultlib.instr_mem
Compiling module xil_defaultlib.fulladder
Compiling module xil_defaultlib.fulladder32_default
Compiling module xil_defaultlib.rf_riscv
Compiling module xil_defaultlib.alu_riscv
Compiling module xil_defaultlib.CYBERcobra
Compiling module xil_defaultlib.tb_CYBERcobra
Compiling module xil_defaultlib.glbl
Built simulation snapshot tb_CYBERcobra_behav
