INFO: [VRFC 10-2263] Analyzing Verilog file "C:/Users/8224201/Desktop/Lab1/Lab_1/Lab_1.sim/sim_1/impl/timing/xsim/tb_CYBERcobra_time_impl.v" into library xil_defaultlib
INFO: [VRFC 10-311] analyzing module RAM32M_UNIQ_BASE_
INFO: [VRFC 10-311] analyzing module RAM32M_HD1
INFO: [VRFC 10-311] analyzing module RAM32M_HD10
INFO: [VRFC 10-311] analyzing module RAM32M_HD11
INFO: [VRFC 10-311] analyzing module RAM32M_HD2
INFO: [VRFC 10-311] analyzing module RAM32M_HD3
INFO: [VRFC 10-311] analyzing module RAM32M_HD4
INFO: [VRFC 10-311] analyzing module RAM32M_HD5
INFO: [VRFC 10-311] analyzing module RAM32M_HD6
INFO: [VRFC 10-311] analyzing module RAM32M_HD7
INFO: [VRFC 10-311] analyzing module RAM32M_HD8
INFO: [VRFC 10-311] analyzing module RAM32M_HD9
INFO: [VRFC 10-311] analyzing module CYBERcobra
INFO: [VRFC 10-311] analyzing module alu_riscv
INFO: [VRFC 10-311] analyzing module debounce
INFO: [VRFC 10-311] analyzing module instr_mem
INFO: [VRFC 10-311] analyzing module nexys_CYBERcobra
INFO: [VRFC 10-311] analyzing module rf_riscv
INFO: [VRFC 10-311] analyzing module semseg_one2many
INFO: [VRFC 10-311] analyzing module sync
INFO: [VRFC 10-311] analyzing module glbl
INFO: [VRFC 10-2263] Analyzing SystemVerilog file "C:/Users/8224201/Desktop/Lab3_MPSIS/Lab3_board_files/alu_opcodes_pkg.sv" into library xil_defaultlib
INFO: [VRFC 10-2263] Analyzing SystemVerilog file "C:/Users/8224201/Desktop/Lab1/Lab_1/Lab_1.srcs/sources_1/new/alu_riscv.sv" into library xil_defaultlib
INFO: [VRFC 10-311] analyzing module alu_riscv
WARNING: [VRFC 10-3609] overwriting previous definition of module 'alu_riscv' [C:/Users/8224201/Desktop/Lab1/Lab_1/Lab_1.srcs/sources_1/new/alu_riscv.sv:1]
INFO: [VRFC 10-2263] Analyzing SystemVerilog file "C:/Users/8224201/Desktop/Lab1/Lab_1/Lab_1.srcs/sources_1/new/cybercobra.sv" into library xil_defaultlib
INFO: [VRFC 10-311] analyzing module CYBERcobra
WARNING: [VRFC 10-3609] overwriting previous definition of module 'CYBERcobra' [C:/Users/8224201/Desktop/Lab1/Lab_1/Lab_1.srcs/sources_1/new/cybercobra.sv:1]
INFO: [VRFC 10-2263] Analyzing SystemVerilog file "C:/Users/8224201/Desktop/Lab1/Lab_1/Lab_1.srcs/sources_1/new/fulladder.sv" into library xil_defaultlib
INFO: [VRFC 10-311] analyzing module fulladder
INFO: [VRFC 10-2263] Analyzing SystemVerilog file "C:/Users/8224201/Desktop/Lab1/Lab_1/Lab_1.srcs/sources_1/new/fulladder32.sv" into library xil_defaultlib
INFO: [VRFC 10-311] analyzing module fulladder32
INFO: [VRFC 10-2263] Analyzing SystemVerilog file "C:/Users/8224201/Desktop/Lab1/Lab_1/Lab_1.srcs/sources_1/new/instr_mem.sv" into library xil_defaultlib
INFO: [VRFC 10-311] analyzing module instr_mem
WARNING: [VRFC 10-3609] overwriting previous definition of module 'instr_mem' [C:/Users/8224201/Desktop/Lab1/Lab_1/Lab_1.srcs/sources_1/new/instr_mem.sv:48]
INFO: [VRFC 10-2263] Analyzing SystemVerilog file "C:/Users/8224201/Desktop/Lab1/Lab_1/Lab_1.srcs/sources_1/new/rf_riscv.sv" into library xil_defaultlib
INFO: [VRFC 10-311] analyzing module rf_riscv
WARNING: [VRFC 10-3609] overwriting previous definition of module 'rf_riscv' [C:/Users/8224201/Desktop/Lab1/Lab_1/Lab_1.srcs/sources_1/new/rf_riscv.sv:1]
INFO: [VRFC 10-2263] Analyzing SystemVerilog file "C:/Users/8224201/Desktop/Lab1/tb_cybercobra.sv" into library xil_defaultlib
INFO: [VRFC 10-311] analyzing module tb_CYBERcobra
INFO: [VRFC 10-2458] undeclared symbol clk, assumed default net type wire [C:/Users/8224201/Desktop/Lab1/tb_cybercobra.sv:14]
INFO: [VRFC 10-2458] undeclared symbol rstn, assumed default net type wire [C:/Users/8224201/Desktop/Lab1/tb_cybercobra.sv:15]
INFO: [VRFC 10-2458] undeclared symbol sw_i, assumed default net type wire [C:/Users/8224201/Desktop/Lab1/tb_cybercobra.sv:16]
INFO: [VRFC 10-2458] undeclared symbol OUT, assumed default net type wire [C:/Users/8224201/Desktop/Lab1/tb_cybercobra.sv:17]
WARNING: [VRFC 10-2938] 'OUT' is already implicitly declared on line 17 [C:/Users/8224201/Desktop/Lab1/tb_cybercobra.sv:20]
WARNING: [VRFC 10-2938] 'clk' is already implicitly declared on line 14 [C:/Users/8224201/Desktop/Lab1/tb_cybercobra.sv:21]
WARNING: [VRFC 10-2938] 'rstn' is already implicitly declared on line 15 [C:/Users/8224201/Desktop/Lab1/tb_cybercobra.sv:22]
WARNING: [VRFC 10-2938] 'sw_i' is already implicitly declared on line 16 [C:/Users/8224201/Desktop/Lab1/tb_cybercobra.sv:23]
